<?xml version="1.0" encoding="UTF-8"?>
<!-- Generated by org.testng.reporters.JUnitReportReporter -->
<testsuite hostname="GopiB" failures="0" tests="1" name="testPackage.dragAndDrop" time="2.359" errors="0" timestamp="2024-05-04T18:02:25 IST" skipped="0">
  <testcase classname="testPackage.dragAndDrop" name="dragAndDropElement" time="2.359"/>
  <system-out/>
</testsuite> <!-- testPackage.dragAndDrop -->
