<?xml version="1.0" encoding="UTF-8"?>
<!-- Generated by org.testng.reporters.JUnitReportReporter -->
<testsuite hostname="GopiB" failures="0" tests="3" name="testPackage.tagLevel" time="3.325" errors="0" timestamp="2024-05-04T18:02:25 IST" skipped="0">
  <testcase classname="testPackage.tagLevel" name="a_thirdTest" time="1.756"/>
  <system-out/>
  <testcase classname="testPackage.tagLevel" name="z_firstTest" time="0.445"/>
  <system-out/>
  <testcase classname="testPackage.tagLevel" name="m_secondTest" time="1.124"/>
  <system-out/>
</testsuite> <!-- testPackage.tagLevel -->
