<?xml version="1.0" encoding="UTF-8"?>
<!-- Generated by org.testng.reporters.JUnitReportReporter -->
<testsuite hostname="GopiB" failures="0" tests="1" name="testPackage.actionsClass" time="2.871" errors="0" timestamp="2024-05-04T18:02:25 IST" skipped="0">
  <testcase classname="testPackage.actionsClass" name="mousehover" time="2.871"/>
  <system-out/>
</testsuite> <!-- testPackage.actionsClass -->
