<?xml version="1.0" encoding="UTF-8"?>
<!-- Generated by org.testng.reporters.JUnitReportReporter -->
<testsuite hostname="GopiB" failures="0" tests="3" name="testPackage.priorityLevel" time="3.846" errors="0" timestamp="2024-05-04T18:02:25 IST" skipped="0">
  <testcase classname="testPackage.priorityLevel" name="thirdTest" time="1.938"/>
  <system-out/>
  <testcase classname="testPackage.priorityLevel" name="secondTest" time="0.496"/>
  <system-out/>
  <testcase classname="testPackage.priorityLevel" name="firstTest" time="1.412"/>
  <system-out/>
</testsuite> <!-- testPackage.priorityLevel -->
