<?xml version="1.0" encoding="UTF-8"?>
<!-- Generated by org.testng.reporters.JUnitReportReporter -->
<testsuite hostname="GopiB" failures="0" tests="1" name="testPackage.logInToAppTest" time="7.624" errors="0" timestamp="2024-05-04T18:02:25 IST" skipped="0">
  <testcase classname="testPackage.logInToAppTest" name="test1" time="7.624"/>
  <system-out/>
</testsuite> <!-- testPackage.logInToAppTest -->
