<?xml version="1.0" encoding="UTF-8"?>
<!-- Generated by org.testng.reporters.JUnitReportReporter -->
<testsuite hostname="GopiB" failures="0" tests="1" name="testPackage.MavenTest1" time="0.003" errors="0" timestamp="2024-05-04T18:02:25 IST" skipped="0">
  <testcase classname="testPackage.MavenTest1" name="test1" time="0.003"/>
  <system-out/>
</testsuite> <!-- testPackage.MavenTest1 -->
