<?xml version="1.0" encoding="UTF-8"?>
<!-- Generated by org.testng.reporters.JUnitReportReporter -->
<testsuite hostname="GopiB" failures="0" tests="1" name="testPackage.logInToAppTest" time="9.544" errors="0" timestamp="2024-05-28T20:17:19 IST" skipped="0">
  <testcase classname="testPackage.logInToAppTest" name="test1" time="9.544"/>
  <system-out/>
</testsuite> <!-- testPackage.logInToAppTest -->
