<?xml version="1.0" encoding="UTF-8"?>
<!-- Generated by org.testng.reporters.JUnitReportReporter -->
<testsuite hostname="GopiB" failures="0" tests="1" name="testPackage.logInToAppTest" time="7.509" errors="0" timestamp="2024-04-30T16:36:39 IST" skipped="0">
  <testcase classname="testPackage.logInToAppTest" name="test1" time="7.509"/>
  <system-out/>
</testsuite> <!-- testPackage.logInToAppTest -->
