<?xml version="1.0" encoding="UTF-8"?>
<!-- Generated by org.testng.reporters.JUnitReportReporter -->
<testsuite hostname="GopiB" failures="0" tests="1" name="testPackage.actionsClass" time="2.668" errors="0" timestamp="2024-05-03T11:38:17 IST" skipped="0">
  <testcase classname="testPackage.actionsClass" name="mousehover" time="2.668"/>
  <system-out/>
</testsuite> <!-- testPackage.actionsClass -->
