<?xml version="1.0" encoding="UTF-8"?>
<!-- Generated by org.testng.reporters.JUnitReportReporter -->
<testsuite hostname="GopiB" failures="0" tests="3" name="testPackage.tagLevel" time="3.578" errors="0" timestamp="2024-05-03T14:33:35 IST" skipped="0">
  <testcase classname="testPackage.tagLevel" name="z_firstTest" time="0.550"/>
  <system-out/>
  <testcase classname="testPackage.tagLevel" name="m_secondTest" time="0.635"/>
  <system-out/>
  <testcase classname="testPackage.tagLevel" name="a_thirdTest" time="2.393"/>
  <system-out/>
</testsuite> <!-- testPackage.tagLevel -->
