<?xml version="1.0" encoding="UTF-8"?>
<!-- Generated by org.testng.reporters.JUnitReportReporter -->
<testsuite hostname="GopiB" failures="0" tests="3" name="testPackage.priorityLevel" time="3.615" errors="0" timestamp="2024-05-03T14:32:27 IST" skipped="0">
  <testcase classname="testPackage.priorityLevel" name="thirdTest" time="1.892"/>
  <system-out/>
  <testcase classname="testPackage.priorityLevel" name="secondTest" time="0.722"/>
  <system-out/>
  <testcase classname="testPackage.priorityLevel" name="firstTest" time="1.001"/>
  <system-out/>
</testsuite> <!-- testPackage.priorityLevel -->
