<?xml version="1.0" encoding="UTF-8"?>
<!-- Generated by org.testng.reporters.JUnitReportReporter -->
<testsuite hostname="GopiB" failures="0" tests="1" name="testPackage.MavenTest1" time="8.196" errors="0" timestamp="2024-04-29T17:21:54 IST" skipped="0">
  <testcase classname="testPackage.MavenTest1" name="test1" time="8.196"/>
  <system-out/>
</testsuite> <!-- testPackage.MavenTest1 -->
