<?xml version="1.0" encoding="UTF-8"?>
<!-- Generated by org.testng.reporters.JUnitReportReporter -->
<testsuite hostname="GopiB" failures="0" tests="1" name="testPackage.dragAndDrop" time="1.178" errors="0" timestamp="2024-05-01T10:45:05 IST" skipped="0">
  <testcase classname="testPackage.dragAndDrop" name="dragAndDropElement" time="1.178"/>
  <system-out/>
</testsuite> <!-- testPackage.dragAndDrop -->
